<?xml version="1.0" encoding="UTF-8"?>
<testng-results ignored="0" total="3" passed="3" failed="0" skipped="0">
  <reporter-output>
    <line>
      <![CDATA[Succesful]]>
    </line>
    <line>
      <![CDATA[Succesful]]>
    </line>
    <line>
      <![CDATA[Succesful]]>
    </line>
  </reporter-output>
  <suite started-at="2023-01-05T12:30:53 IST" name="Suite" finished-at="2023-01-05T12:31:27 IST" duration-ms="34393">
    <groups>
    </groups>
    <test started-at="2023-01-05T12:30:53 IST" name="Test1" finished-at="2023-01-05T12:31:17 IST" duration-ms="24658">
      <class name="TestNG.Multibrowser_1">
        <test-method signature="m1(java.lang.String)[pri:0, instance:TestNG.Multibrowser_1@73e22a3d]" started-at="2023-01-05T12:30:53 IST" name="m1" finished-at="2023-01-05T12:31:17 IST" duration-ms="24540" status="PASS">
          <params>
            <param index="0">
              <value>
                <![CDATA[Chrome]]>
              </value>
            </param>
          </params>
          <reporter-output>
            <line>
              <![CDATA[Succesful]]>
            </line>
          </reporter-output>
        </test-method> <!-- m1 -->
      </class> <!-- TestNG.Multibrowser_1 -->
    </test> <!-- Test1 -->
    <test started-at="2023-01-05T12:30:53 IST" name="Test3" finished-at="2023-01-05T12:31:21 IST" duration-ms="28555">
      <class name="TestNG.Multibrowser_1">
        <test-method signature="m1(java.lang.String)[pri:0, instance:TestNG.Multibrowser_1@61001b64]" started-at="2023-01-05T12:30:53 IST" name="m1" finished-at="2023-01-05T12:31:21 IST" duration-ms="28448" status="PASS">
          <params>
            <param index="0">
              <value>
                <![CDATA[Opera]]>
              </value>
            </param>
          </params>
          <reporter-output>
            <line>
              <![CDATA[Succesful]]>
            </line>
          </reporter-output>
        </test-method> <!-- m1 -->
      </class> <!-- TestNG.Multibrowser_1 -->
    </test> <!-- Test3 -->
    <test started-at="2023-01-05T12:30:53 IST" name="Test2" finished-at="2023-01-05T12:31:27 IST" duration-ms="34393">
      <class name="TestNG.Multibrowser_1">
        <test-method signature="m1(java.lang.String)[pri:0, instance:TestNG.Multibrowser_1@82de64a]" started-at="2023-01-05T12:30:53 IST" name="m1" finished-at="2023-01-05T12:31:27 IST" duration-ms="34289" status="PASS">
          <params>
            <param index="0">
              <value>
                <![CDATA[Firefox]]>
              </value>
            </param>
          </params>
          <reporter-output>
            <line>
              <![CDATA[Succesful]]>
            </line>
          </reporter-output>
        </test-method> <!-- m1 -->
      </class> <!-- TestNG.Multibrowser_1 -->
    </test> <!-- Test2 -->
  </suite> <!-- Suite -->
</testng-results>
